

        **********************************************************
        ** PROGRAM FullProf.2k (Version 8.40 - Feb2026-ILL JRC) **
        **********************************************************
                       M U L T I -- P A T T E R N                 
            Rietveld, Profile Matching & Integrated Intensity     
                 Refinement of X-ray and/or Neutron Data


    Date: 06/04/2026  Time: 11:32:49.019                              

 => PCR file code: Odin20
 => DAT file code: 18Odin.dat           -> Relative contribution: 1.0000                                                            

 ==> CONDITIONS OF THIS RUN FOR PATTERN No.:  1

 => Global Refinement of X-ray powder diffraction data                                                                              
 => Global Refinement of X-ray powder diffraction data                                                                              
    Bragg-Brentano(X-rays) or Debye-Scherrer geometry(Neutrons)
 => Title: FPOdin3_2da

 => Number of phases:    1
 => Number of excluded regions:    0
 => Number of scattering factors supplied:    0
 => Conventional weights: w=1.0/Variance(yobs)
 => Asymmetry correction as in J.Appl.Cryst. 26,128(1993)
 => Background linearly interpolated between the   14 points given
 => The    7th default profile function was selected
 => T-C-H Pseudo-Voigt function 
    This function is convoluted with asymmetry due to axial 
    divergence as formulated by: 
    van Laar and Yelon, J. Appl. Cryst. 17, 47(1984).
    and using the method of:
    Finger, Cox and Jephcoat, J. Appl. Cryst. 27, 892 (1994).
    Fortran 90 module adapted from function PROFVAL (in F77) : 
    L.W. Finger, J. Appl. Cryst. 31, 111 (1998).


 ==> INPUT/OUTPUT OPTIONS:

 => Output Obs and Calc intensities on last cycle
 => Difference curve in file *.bac 
 => Generate file *.PRF for plot
 => Output Integrated Intensities
 => Print reflection list
 => Output Correlation Matrix
 => Generate new input file *.PCR

 => X-Y type of data: 2theta/TOF/E(Kev) Intens sigma for pattern:  1
 => Plot pattern at each cycle
 => Wavelengths:  1.54060 1.54439
 => Alpha2/Alpha1 ratio:   0.5000
 => Cos(Monochromator angle)=   0.7998
 => Asymmetry correction for angles lower than   80.000 degrees
 => Absorption correction (AC), muR-eff =   0.0000  0.0000
 => Base of peaks: 2.0*HW*   22.00

 => Number of cycles:   15
 => Relaxation factors ==>    for coordinates:  1.00
 => for anisotropic temperature factors:  1.00
 => for halfwidth/strain/size/further parameters:  1.00
 => for lattice constants and propagation vectors:  1.00
 => EPS-value for convergence:    0.1
 => Background ==> 
    Position   Intensity
       20.12       28.23       31.00
       21.99       34.46       41.00
       24.14       34.42       51.00
       26.08       32.76       61.00
       27.82       32.12       71.00
       40.34       16.73       81.00
       46.83       14.70       91.00
       50.18       13.17      101.00
       55.33       15.41      111.00
       59.82       16.38      121.00
       67.18       13.44      131.00
       69.46       12.04      141.00
       72.87       13.52      151.00
       77.56       10.14      161.00

 
 => Instrumental Resolution read from file: C:\Users\Odin\Desktop\Giuliano\data_para_refinamiento\O2018SMagh\lab6.irf
 => Title of data: ! My resolution function: 2theta(deg.)  HG(deg.)   HL(deg.)  ireso: 4

 => The resolution function is IRESOL:   4 for profile function #   7
    Input resolution parameters:

   2-Theta/Energy    Gaussian-HW   Lorentzian-HW

     21.3715        0.065800       0.002600
     30.3973        0.058400       0.010700
     37.4578        0.054000       0.013600
     43.5258        0.056800       0.017100
     48.9779        0.058000       0.016800
     54.0090        0.053900       0.022900
     63.2359        0.056300       0.023500
     67.5653        0.060800       0.026900
     71.7617        0.054100       0.032100
     75.8638        0.056400       0.034600
     83.8623        0.057900       0.039100
     87.8100        0.062400       0.041900
     99.6553        0.058200       0.056400
    107.7610        0.045500       0.081800
    116.2521        0.044700       0.083400
    130.4095        0.035800       0.122700
    141.7791        0.059600       0.148800
 
 => Number of Least-Squares parameters varied:    21

 =>--------------------------->
 =>------->  PATTERN number:  1
 =>--------------------------->
 => Global parameters and codes ==>
 => Zero-point:     0.0077   21.0000
 => Displacement peak-shift parameter and code:     0.00    0.00
 => Transparency peak-shift parameter and code:     0.00    0.00

 => Reading Intensity data  =>>

 -> No recognizable heading in input data file X,Y,sigma
    First 6 lines are considered as COMMENTS (except for TSAMP keyword)
 -> COMMENT: 20	31                                                                                                                               
 -> COMMENT: 20.02	24                                                                                                                            
 -> COMMENT: 20.04	26                                                                                                                            
 -> COMMENT: 20.06	38                                                                                                                            
 -> COMMENT: 20.08	27                                                                                                                            
 -> COMMENT: 20.1	30                                                                                                                             
 ==> Angular range, step and number of points:
     2Thmin:      20.120001  2Thmax:      80.000000  Step:       0.020007  No. of points:   2995
 --------------------------------------------------------------------------------
 => Phase  No. 1
      Fe2O3                                                                 
 --------------------------------------------------------------------------------
 => Schakal File (*.sch) is output for phase: 1
 =>-------> Pattern#  1
 => Crystal Structure Refinement
 => Preferred orientation vector:   2.0000  2.0000  0.0000

 =>-------> Data for PHASE: 1
 => Number of atoms:    3
 => Number of distance  constraints:    0
 => Number of angle     constraints:    0

 => Symmetry information on space group: F d -3 m            
 -> The multiplicity of the general position is: 192
 -> The space group is Centric (-1 at origin)   
 -> Lattice type  F: { 000;  0  1/2 1/2; 1/2  0  1/2; 1/2 1/2  0 }+
 -> Reduced set of symmetry operators:

  No.  IT   Symmetry symbol    Rotation part     Associated Translation
   1: ( 1)   1            -->     ( x, y, z) + {  0.0000  0.0000  0.0000}
   2: ( 4)   2 ( x, 0, 0) -->     ( x,-y,-z) + {  0.0000  0.2500  0.2500}
   3: ( 3)   2 ( 0, y, 0) -->     (-x, y,-z) + {  0.2500  0.0000  0.2500}
   4: ( 2)   2 ( 0, 0, z) -->     (-x,-y, z) + {  0.2500  0.2500  0.0000}
   5: ( 9)  3- ( x, x, x) -->     ( y, z, x) + {  0.0000  0.0000  0.0000}
   6: (12)  3- (-x, x,-x) -->     (-y,-z, x) + {  0.2500  0.2500  0.0000}
   7: (11)  3- (-x,-x, x) -->     ( y,-z,-x) + {  0.0000  0.2500  0.2500}
   8: (10)  3- ( x,-x,-x) -->     (-y, z,-x) + {  0.2500  0.0000  0.2500}
   9: ( 5)  3+ ( x, x, x) -->     ( z, x, y) + {  0.0000  0.0000  0.0000}
  10: ( 8)  3+ (-x,-x, x) -->     (-z, x,-y) + {  0.2500  0.0000  0.2500}
  11: ( 7)  3+ ( x,-x,-x) -->     (-z,-x, y) + {  0.2500  0.2500  0.0000}
  12: ( 6)  3+ (-x, x,-x) -->     ( z,-x,-y) + {  0.0000  0.2500  0.2500}
  13: (14)   2 ( x,-x, 0) -->     (-y,-x,-z) + {  0.0000  0.0000  0.0000}
  14: (15)  4- ( 0, 0, z) -->     ( y,-x, z) + {  0.7500  0.0000  0.7500}
  15: (16)  4+ ( 0, 0, z) -->     (-y, x, z) + {  0.0000  0.7500  0.7500}
  16: (13)   2 ( x, x, 0) -->     ( y, x,-z) + {  0.7500  0.7500  0.0000}
  17: (24)   2 (-x, 0, x) -->     (-z,-y,-x) + {  0.0000  0.0000  0.0000}
  18: (21)  4+ ( 0, y, 0) -->     ( z, y,-x) + {  0.7500  0.7500  0.0000}
  19: (22)   2 ( x, 0, x) -->     ( z,-y, x) + {  0.7500  0.0000  0.7500}
  20: (23)  4- ( 0, y, 0) -->     (-z, y, x) + {  0.0000  0.7500  0.7500}
  21: (19)   2 ( 0, y,-y) -->     (-x,-z,-y) + {  0.0000  0.0000  0.0000}
  22: (18)   2 ( 0, y, y) -->     (-x, z, y) + {  0.0000  0.7500  0.7500}
  23: (17)  4- ( x, 0, 0) -->     ( x, z,-y) + {  0.7500  0.7500  0.0000}
  24: (20)  4+ ( x, 0, 0) -->     ( x,-z, y) + {  0.7500  0.0000  0.7500}


        Information on Space Group: 
        --------------------------- 

 =>   Number of Space group: 227
 =>  Hermann-Mauguin Symbol: F d -3 m
 =>             Hall Symbol: -F 4vw 2vw 3
 =>            Setting Type: IT (Generated from Hermann-Mauguin symbol)
 =>          Crystal System: Cubic
 =>              Laue Class: m-3m
 =>             Point Group: m-3m
 =>         Bravais Lattice: F
 =>          Lattice Symbol: cF
 =>  Reduced Number of S.O.:  24
 =>    General multiplicity: 192
 =>          Centrosymmetry: Centric (-1 at origin)
 =>  Generators (exc. -1&L):   3
 =>         Asymmetric unit: -0.125 <= x <=  0.375
                             -0.125 <= y <=  0.000
                             -0.250 <= z <=  0.000
 => Centring vectors:  3
 => Latt( 1): (1/2,1/2,0)                          => Latt( 2): (1/2,0,1/2)                         
 => Latt( 3): (0,1/2,1/2)                                                                           

 => List of all Symmetry Operators and Symmetry Symbols

 => SYMM(  1): x,y,z                             Symbol: 1
 => SYMM(  2): x,-y+1/4,-z+1/4                   Symbol: 2 x,1/8,1/8
 => SYMM(  3): -x+1/4,y,-z+1/4                   Symbol: 2 1/8,y,1/8
 => SYMM(  4): -x+1/4,-y+1/4,z                   Symbol: 2 1/8,1/8,z
 => SYMM(  5): y,z,x                             Symbol: 3- x,x,x
 => SYMM(  6): -y+1/4,-z+1/4,x                   Symbol: 3+ x,-x+1/4,x
 => SYMM(  7): y,-z+1/4,-x+1/4                   Symbol: 3+ x,x,-x+1/4
 => SYMM(  8): -y+1/4,z,-x+1/4                   Symbol: 3- x,-x+1/4,-x+1/4
 => SYMM(  9): z,x,y                             Symbol: 3+ x,x,x
 => SYMM( 10): -z+1/4,x,-y+1/4                   Symbol: 3- x,x,-x+1/4
 => SYMM( 11): -z+1/4,-x+1/4,y                   Symbol: 3+ x,-x+1/4,-x+1/4
 => SYMM( 12): z,-x+1/4,-y+1/4                   Symbol: 3- x,-x+1/4,x
 => SYMM( 13): y,x,z                             Symbol: m x,x,z
 => SYMM( 14): -y+1/4,x,-z+1/4                   Symbol: -4- 1/8,1/8,z; 1/8,1/8,1/8
 => SYMM( 15): y,-x+1/4,-z+1/4                   Symbol: -4+ 1/8,1/8,z; 1/8,1/8,1/8
 => SYMM( 16): -y+1/4,-x+1/4,z                   Symbol: m x,-x+1/4,z
 => SYMM( 17): z,y,x                             Symbol: m x,y,x
 => SYMM( 18): -z+1/4,-y+1/4,x                   Symbol: -4+ 1/8,y,1/8; 1/8,1/8,1/8
 => SYMM( 19): -z+1/4,y,-x+1/4                   Symbol: m x,y,-x+1/4
 => SYMM( 20): z,-y+1/4,-x+1/4                   Symbol: -4- 1/8,y,1/8; 1/8,1/8,1/8
 => SYMM( 21): x,z,y                             Symbol: m x,y,y
 => SYMM( 22): x,-z+1/4,-y+1/4                   Symbol: m x,y,-y+1/4
 => SYMM( 23): -x+1/4,-z+1/4,y                   Symbol: -4- x,1/8,1/8; 1/8,1/8,1/8
 => SYMM( 24): -x+1/4,z,-y+1/4                   Symbol: -4+ x,1/8,1/8; 1/8,1/8,1/8
 => SYMM( 25): -x,-y,-z                          Symbol: -1 0,0,0
 => SYMM( 26): -x,y+3/4,z+3/4                    Symbol: g (0,3/4,3/4) 0,y,z
 => SYMM( 27): x+3/4,-y,z+3/4                    Symbol: g (3/4,0,3/4) x,0,z
 => SYMM( 28): x+3/4,y+3/4,-z                    Symbol: g (3/4,3/4,0) x,y,0
 => SYMM( 29): -y,-z,-x                          Symbol: -3- x,x,x; 0,0,0
 => SYMM( 30): y+3/4,z+3/4,-x                    Symbol: -3+ x,-x+3/4,x-3/2; 3/4,0,-3/4
 => SYMM( 31): -y,z+3/4,x+3/4                    Symbol: -3+ x,x+3/2,-x-3/4; -3/4,3/4,0
 => SYMM( 32): y+3/4,-z,x+3/4                    Symbol: -3- x,-x-3/4,-x+3/4; 0,-3/4,3/4
 => SYMM( 33): -z,-x,-y                          Symbol: -3+ x,x,x; 0,0,0
 => SYMM( 34): z+3/4,-x,y+3/4                    Symbol: -3- x,x-3/2,-x+3/4; 3/4,-3/4,0
 => SYMM( 35): z+3/4,x+3/4,-y                    Symbol: -3+ x,-x+3/4,-x-3/4; 0,3/4,-3/4
 => SYMM( 36): -z,x+3/4,y+3/4                    Symbol: -3- x,-x-3/4,x+3/2; -3/4,0,3/4
 => SYMM( 37): -y,-x,-z                          Symbol: 2 x,-x,0
 => SYMM( 38): y+3/4,-x,z+3/4                    Symbol: 4- (0,0,3/4) 3/8,-3/8,z
 => SYMM( 39): -y,x+3/4,z+3/4                    Symbol: 4+ (0,0,3/4) -3/8,3/8,z
 => SYMM( 40): y+3/4,x+3/4,-z                    Symbol: 2 (3/4,3/4,0) x,x,0
 => SYMM( 41): -z,-y,-x                          Symbol: 2 x,0,-x
 => SYMM( 42): z+3/4,y+3/4,-x                    Symbol: 4+ (0,3/4,0) 3/8,y,-3/8
 => SYMM( 43): z+3/4,-y,x+3/4                    Symbol: 2 (3/4,0,3/4) x,0,x
 => SYMM( 44): -z,y+3/4,x+3/4                    Symbol: 4- (0,3/4,0) -3/8,y,3/8
 => SYMM( 45): -x,-z,-y                          Symbol: 2 0,y,-y
 => SYMM( 46): -x,z+3/4,y+3/4                    Symbol: 2 (0,3/4,3/4) 0,y,y
 => SYMM( 47): x+3/4,z+3/4,-y                    Symbol: 4- (3/4,0,0) x,3/8,-3/8
 => SYMM( 48): x+3/4,-z,y+3/4                    Symbol: 4+ (3/4,0,0) x,-3/8,3/8
 => SYMM( 49): x+1/2,y+1/2,z                     Symbol: t (1/2,1/2,0)
 => SYMM( 50): x+1/2,-y+3/4,-z+1/4               Symbol: 2 (1/2,0,0) x,3/8,1/8
 => SYMM( 51): -x+3/4,y+1/2,-z+1/4               Symbol: 2 (0,1/2,0) 3/8,y,1/8
 => SYMM( 52): -x+3/4,-y+3/4,z                   Symbol: 2 3/8,3/8,z
 => SYMM( 53): y+1/2,z+1/2,x                     Symbol: 3- (1/3,1/3,1/3) x,x-1/6,x-1/3
 => SYMM( 54): -y+3/4,-z+3/4,x                   Symbol: 3+ x,-x+3/4,x
 => SYMM( 55): y+1/2,-z+3/4,-x+1/4               Symbol: 3+ (1/3,1/3,-1/3) x,x-1/6,-x+7/12
 => SYMM( 56): -y+3/4,z+1/2,-x+1/4               Symbol: 3- x,-x+3/4,-x+1/4
 => SYMM( 57): z+1/2,x+1/2,y                     Symbol: 3+ (1/3,1/3,1/3) x,x+1/6,x-1/6
 => SYMM( 58): -z+3/4,x+1/2,-y+1/4               Symbol: 3- (1/3,1/3,-1/3) x,x+1/6,-x+5/12
 => SYMM( 59): -z+3/4,-x+3/4,y                   Symbol: 3+ x,-x+3/4,-x+3/4
 => SYMM( 60): z+1/2,-x+3/4,-y+1/4               Symbol: 3- x,-x+3/4,x-1/2
 => SYMM( 61): y+1/2,x+1/2,z                     Symbol: n (1/2,1/2,0) x,x,z
 => SYMM( 62): -y+3/4,x+1/2,-z+1/4               Symbol: -4- 1/8,5/8,z; 1/8,5/8,1/8
 => SYMM( 63): y+1/2,-x+3/4,-z+1/4               Symbol: -4+ 5/8,1/8,z; 5/8,1/8,1/8
 => SYMM( 64): -y+3/4,-x+3/4,z                   Symbol: m x,-x+3/4,z
 => SYMM( 65): z+1/2,y+1/2,x                     Symbol: g (1/4,1/2,1/4) x,y,x-1/4
 => SYMM( 66): -z+3/4,-y+3/4,x                   Symbol: -4+ 3/8,y,3/8; 3/8,3/8,3/8
 => SYMM( 67): -z+3/4,y+1/2,-x+1/4               Symbol: g (1/4,1/2,-1/4) x,y,-x+1/2
 => SYMM( 68): z+1/2,-y+3/4,-x+1/4               Symbol: -4- 3/8,y,-1/8; 3/8,3/8,-1/8
 => SYMM( 69): x+1/2,z+1/2,y                     Symbol: g (1/2,1/4,1/4) x,y,y-1/4
 => SYMM( 70): x+1/2,-z+3/4,-y+1/4               Symbol: g (1/2,1/4,-1/4) x,y,-y+1/2
 => SYMM( 71): -x+3/4,-z+3/4,y                   Symbol: -4- x,3/8,3/8; 3/8,3/8,3/8
 => SYMM( 72): -x+3/4,z+1/2,-y+1/4               Symbol: -4+ x,3/8,-1/8; 3/8,3/8,-1/8
 => SYMM( 73): -x+1/2,-y+1/2,-z                  Symbol: -1 1/4,1/4,0
 => SYMM( 74): -x+1/2,y+1/4,z+3/4                Symbol: d (0,1/4,3/4) 1/4,y,z
 => SYMM( 75): x+1/4,-y+1/2,z+3/4                Symbol: g (1/4,0,3/4) x,1/4,z
 => SYMM( 76): x+1/4,y+1/4,-z                    Symbol: d (1/4,1/4,0) x,y,0
 => SYMM( 77): -y+1/2,-z+1/2,-x                  Symbol: -3- x,x+1/2,x; 0,1/2,0
 => SYMM( 78): y+1/4,z+1/4,-x                    Symbol: -3+ x,-x+1/4,x-1/2; 1/4,0,-1/4
 => SYMM( 79): -y+1/2,z+1/4,x+3/4                Symbol: -3+ x,x+1,-x+1/4; -1/4,3/4,1/2
 => SYMM( 80): y+1/4,-z+1/2,x+3/4                Symbol: -3- x,-x-1/4,-x+3/4; 0,-1/4,3/4
 => SYMM( 81): -z+1/2,-x+1/2,-y                  Symbol: -3+ x,x-1/2,x-1/2; 1/2,0,0
 => SYMM( 82): z+1/4,-x+1/2,y+3/4                Symbol: -3- x,x-1,-x+5/4; 3/4,-1/4,1/2
 => SYMM( 83): z+1/4,x+1/4,-y                    Symbol: -3+ x,-x+1/4,-x-1/4; 0,1/4,-1/4
 => SYMM( 84): -z+1/2,x+1/4,y+3/4                Symbol: -3- x,-x-1/4,x+1; -1/4,0,3/4
 => SYMM( 85): -y+1/2,-x+1/2,-z                  Symbol: 2 x,-x+1/2,0
 => SYMM( 86): y+1/4,-x+1/2,z+3/4                Symbol: 4- (0,0,3/4) 3/8,1/8,z
 => SYMM( 87): -y+1/2,x+1/4,z+3/4                Symbol: 4+ (0,0,3/4) 1/8,3/8,z
 => SYMM( 88): y+1/4,x+1/4,-z                    Symbol: 2 (1/4,1/4,0) x,x,0
 => SYMM( 89): -z+1/2,-y+1/2,-x                  Symbol: 2 (1/4,0,-1/4) x,1/4,-x+1/4
 => SYMM( 90): z+1/4,y+1/4,-x                    Symbol: 4+ (0,1/4,0) 1/8,y,-1/8
 => SYMM( 91): z+1/4,-y+1/2,x+3/4                Symbol: 2 (1/2,0,1/2) x,1/4,x+1/4
 => SYMM( 92): -z+1/2,y+1/4,x+3/4                Symbol: 4- (0,1/4,0) -1/8,y,5/8
 => SYMM( 93): -x+1/2,-z+1/2,-y                  Symbol: 2 (0,1/4,-1/4) 1/4,y,-y+1/4
 => SYMM( 94): -x+1/2,z+1/4,y+3/4                Symbol: 2 (0,1/2,1/2) 1/4,y,y+1/4
 => SYMM( 95): x+1/4,z+1/4,-y                    Symbol: 4- (1/4,0,0) x,1/8,-1/8
 => SYMM( 96): x+1/4,-z+1/2,y+3/4                Symbol: 4+ (1/4,0,0) x,-1/8,5/8
 => SYMM( 97): x+1/2,y,z+1/2                     Symbol: t (1/2,0,1/2)
 => SYMM( 98): x+1/2,-y+1/4,-z+3/4               Symbol: 2 (1/2,0,0) x,1/8,3/8
 => SYMM( 99): -x+3/4,y,-z+3/4                   Symbol: 2 3/8,y,3/8
 => SYMM(100): -x+3/4,-y+1/4,z+1/2               Symbol: 2 (0,0,1/2) 3/8,1/8,z
 => SYMM(101): y+1/2,z,x+1/2                     Symbol: 3- (1/3,1/3,1/3) x,x-1/6,x+1/6
 => SYMM(102): -y+3/4,-z+1/4,x+1/2               Symbol: 3+ (1/3,-1/3,1/3) x,-x+5/12,x+1/6
 => SYMM(103): y+1/2,-z+1/4,-x+3/4               Symbol: 3+ x,x-1/2,-x+3/4
 => SYMM(104): -y+3/4,z,-x+3/4                   Symbol: 3- x,-x+3/4,-x+3/4
 => SYMM(105): z+1/2,x,y+1/2                     Symbol: 3+ (1/3,1/3,1/3) x,x-1/3,x-1/6
 => SYMM(106): -z+3/4,x,-y+3/4                   Symbol: 3- x,x,-x+3/4
 => SYMM(107): -z+3/4,-x+1/4,y+1/2               Symbol: 3+ x,-x+1/4,-x+3/4
 => SYMM(108): z+1/2,-x+1/4,-y+3/4               Symbol: 3- (1/3,-1/3,1/3) x,-x+7/12,x-1/6
 => SYMM(109): y+1/2,x,z+1/2                     Symbol: g (1/4,1/4,1/2) x,x-1/4,z
 => SYMM(110): -y+3/4,x,-z+3/4                   Symbol: -4- 3/8,3/8,z; 3/8,3/8,3/8
 => SYMM(111): y+1/2,-x+1/4,-z+3/4               Symbol: -4+ 3/8,-1/8,z; 3/8,-1/8,3/8
 => SYMM(112): -y+3/4,-x+1/4,z+1/2               Symbol: g (1/4,-1/4,1/2) x,-x+1/2,z
 => SYMM(113): z+1/2,y,x+1/2                     Symbol: n (1/2,0,1/2) x,y,x
 => SYMM(114): -z+3/4,-y+1/4,x+1/2               Symbol: -4+ 1/8,y,5/8; 1/8,1/8,5/8
 => SYMM(115): -z+3/4,y,-x+3/4                   Symbol: m x,y,-x+3/4
 => SYMM(116): z+1/2,-y+1/4,-x+3/4               Symbol: -4- 5/8,y,1/8; 5/8,1/8,1/8
 => SYMM(117): x+1/2,z,y+1/2                     Symbol: g (1/2,1/4,1/4) x,y,y+1/4
 => SYMM(118): x+1/2,-z+1/4,-y+3/4               Symbol: g (1/2,-1/4,1/4) x,y,-y+1/2
 => SYMM(119): -x+3/4,-z+1/4,y+1/2               Symbol: -4- x,-1/8,3/8; 3/8,-1/8,3/8
 => SYMM(120): -x+3/4,z,-y+3/4                   Symbol: -4+ x,3/8,3/8; 3/8,3/8,3/8
 => SYMM(121): -x+1/2,-y,-z+1/2                  Symbol: -1 1/4,0,1/4
 => SYMM(122): -x+1/2,y+3/4,z+1/4                Symbol: g (0,3/4,1/4) 1/4,y,z
 => SYMM(123): x+1/4,-y,z+1/4                    Symbol: d (1/4,0,1/4) x,0,z
 => SYMM(124): x+1/4,y+3/4,-z+1/2                Symbol: d (1/4,3/4,0) x,y,1/4
 => SYMM(125): -y+1/2,-z,-x+1/2                  Symbol: -3- x,x-1/2,x-1/2; 1/2,0,0
 => SYMM(126): y+1/4,z+3/4,-x+1/2                Symbol: -3+ x,-x+5/4,x-1; 3/4,1/2,-1/4
 => SYMM(127): -y+1/2,z+3/4,x+1/4                Symbol: -3+ x,x+1,-x-1/4; -1/4,3/4,0
 => SYMM(128): y+1/4,-z,x+1/4                    Symbol: -3- x,-x-1/4,-x+1/4; 0,-1/4,1/4
 => SYMM(129): -z+1/2,-x,-y+1/2                  Symbol: -3+ x,x,x+1/2; 0,0,1/2
 => SYMM(130): z+1/4,-x,y+1/4                    Symbol: -3- x,x-1/2,-x+1/4; 1/4,-1/4,0
 => SYMM(131): z+1/4,x+3/4,-y+1/2                Symbol: -3+ x,-x+3/4,-x-1/4; 0,3/4,-1/4
 => SYMM(132): -z+1/2,x+3/4,y+1/4                Symbol: -3- x,-x+1/4,x+1; -1/4,1/2,3/4
 => SYMM(133): -y+1/2,-x,-z+1/2                  Symbol: 2 (1/4,-1/4,0) x,-x+1/4,1/4
 => SYMM(134): y+1/4,-x,z+1/4                    Symbol: 4- (0,0,1/4) 1/8,-1/8,z
 => SYMM(135): -y+1/2,x+3/4,z+1/4                Symbol: 4+ (0,0,1/4) -1/8,5/8,z
 => SYMM(136): y+1/4,x+3/4,-z+1/2                Symbol: 2 (1/2,1/2,0) x,x+1/4,1/4
 => SYMM(137): -z+1/2,-y,-x+1/2                  Symbol: 2 x,0,-x+1/2
 => SYMM(138): z+1/4,y+3/4,-x+1/2                Symbol: 4+ (0,3/4,0) 3/8,y,1/8
 => SYMM(139): z+1/4,-y,x+1/4                    Symbol: 2 (1/4,0,1/4) x,0,x
 => SYMM(140): -z+1/2,y+3/4,x+1/4                Symbol: 4- (0,3/4,0) 1/8,y,3/8
 => SYMM(141): -x+1/2,-z,-y+1/2                  Symbol: 2 (0,-1/4,1/4) 1/4,y,-y+1/4
 => SYMM(142): -x+1/2,z+3/4,y+1/4                Symbol: 2 (0,1/2,1/2) 1/4,y,y-1/4
 => SYMM(143): x+1/4,z+3/4,-y+1/2                Symbol: 4- (1/4,0,0) x,5/8,-1/8
 => SYMM(144): x+1/4,-z,y+1/4                    Symbol: 4+ (1/4,0,0) x,-1/8,1/8
 => SYMM(145): x,y+1/2,z+1/2                     Symbol: t (0,1/2,1/2)
 => SYMM(146): x,-y+3/4,-z+3/4                   Symbol: 2 x,3/8,3/8
 => SYMM(147): -x+1/4,y+1/2,-z+3/4               Symbol: 2 (0,1/2,0) 1/8,y,3/8
 => SYMM(148): -x+1/4,-y+3/4,z+1/2               Symbol: 2 (0,0,1/2) 1/8,3/8,z
 => SYMM(149): y,z+1/2,x+1/2                     Symbol: 3- (1/3,1/3,1/3) x,x+1/3,x+1/6
 => SYMM(150): -y+1/4,-z+3/4,x+1/2               Symbol: 3+ x,-x+1/4,x+1/2
 => SYMM(151): y,-z+3/4,-x+3/4                   Symbol: 3+ x,x,-x+3/4
 => SYMM(152): -y+1/4,z+1/2,-x+3/4               Symbol: 3- (-1/3,1/3,1/3) x,-x+7/12,-x+5/12
 => SYMM(153): z,x+1/2,y+1/2                     Symbol: 3+ (1/3,1/3,1/3) x,x+1/6,x+1/3
 => SYMM(154): -z+1/4,x+1/2,-y+3/4               Symbol: 3- x,x+1/2,-x+1/4
 => SYMM(155): -z+1/4,-x+3/4,y+1/2               Symbol: 3+ (-1/3,1/3,1/3) x,-x+5/12,-x+7/12
 => SYMM(156): z,-x+3/4,-y+3/4                   Symbol: 3- x,-x+3/4,x
 => SYMM(157): y,x+1/2,z+1/2                     Symbol: g (1/4,1/4,1/2) x,x+1/4,z
 => SYMM(158): -y+1/4,x+1/2,-z+3/4               Symbol: -4- -1/8,3/8,z; -1/8,3/8,3/8
 => SYMM(159): y,-x+3/4,-z+3/4                   Symbol: -4+ 3/8,3/8,z; 3/8,3/8,3/8
 => SYMM(160): -y+1/4,-x+3/4,z+1/2               Symbol: g (-1/4,1/4,1/2) x,-x+1/2,z
 => SYMM(161): z,y+1/2,x+1/2                     Symbol: g (1/4,1/2,1/4) x,y,x+1/4
 => SYMM(162): -z+1/4,-y+3/4,x+1/2               Symbol: -4+ -1/8,y,3/8; -1/8,3/8,3/8
 => SYMM(163): -z+1/4,y+1/2,-x+3/4               Symbol: g (-1/4,1/2,1/4) x,y,-x+1/2
 => SYMM(164): z,-y+3/4,-x+3/4                   Symbol: -4- 3/8,y,3/8; 3/8,3/8,3/8
 => SYMM(165): x,z+1/2,y+1/2                     Symbol: n (0,1/2,1/2) x,y,y
 => SYMM(166): x,-z+3/4,-y+3/4                   Symbol: m x,y,-y+3/4
 => SYMM(167): -x+1/4,-z+3/4,y+1/2               Symbol: -4- x,1/8,5/8; 1/8,1/8,5/8
 => SYMM(168): -x+1/4,z+1/2,-y+3/4               Symbol: -4+ x,5/8,1/8; 1/8,5/8,1/8
 => SYMM(169): -x,-y+1/2,-z+1/2                  Symbol: -1 0,1/4,1/4
 => SYMM(170): -x,y+1/4,z+1/4                    Symbol: d (0,1/4,1/4) 0,y,z
 => SYMM(171): x+3/4,-y+1/2,z+1/4                Symbol: d (3/4,0,1/4) x,1/4,z
 => SYMM(172): x+3/4,y+1/4,-z+1/2                Symbol: g (3/4,1/4,0) x,y,1/4
 => SYMM(173): -y,-z+1/2,-x+1/2                  Symbol: -3- x,x,x+1/2; 0,0,1/2
 => SYMM(174): y+3/4,z+1/4,-x+1/2                Symbol: -3+ x,-x+3/4,x-1; 3/4,0,-1/4
 => SYMM(175): -y,z+1/4,x+1/4                    Symbol: -3+ x,x+1/2,-x-1/4; -1/4,1/4,0
 => SYMM(176): y+3/4,-z+1/2,x+1/4                Symbol: -3- x,-x+1/4,-x+5/4; 1/2,-1/4,3/4
 => SYMM(177): -z,-x+1/2,-y+1/2                  Symbol: -3+ x,x+1/2,x; 0,1/2,0
 => SYMM(178): z+3/4,-x+1/2,y+1/4                Symbol: -3- x,x-1,-x+3/4; 3/4,-1/4,0
 => SYMM(179): z+3/4,x+1/4,-y+1/2                Symbol: -3+ x,-x+5/4,-x+1/4; 1/2,3/4,-1/4
 => SYMM(180): -z,x+1/4,y+1/4                    Symbol: -3- x,-x-1/4,x+1/2; -1/4,0,1/4
 => SYMM(181): -y,-x+1/2,-z+1/2                  Symbol: 2 (-1/4,1/4,0) x,-x+1/4,1/4
 => SYMM(182): y+3/4,-x+1/2,z+1/4                Symbol: 4- (0,0,1/4) 5/8,-1/8,z
 => SYMM(183): -y,x+1/4,z+1/4                    Symbol: 4+ (0,0,1/4) -1/8,1/8,z
 => SYMM(184): y+3/4,x+1/4,-z+1/2                Symbol: 2 (1/2,1/2,0) x,x-1/4,1/4
 => SYMM(185): -z,-y+1/2,-x+1/2                  Symbol: 2 (-1/4,0,1/4) x,1/4,-x+1/4
 => SYMM(186): z+3/4,y+1/4,-x+1/2                Symbol: 4+ (0,1/4,0) 5/8,y,-1/8
 => SYMM(187): z+3/4,-y+1/2,x+1/4                Symbol: 2 (1/2,0,1/2) x,1/4,x-1/4
 => SYMM(188): -z,y+1/4,x+1/4                    Symbol: 4- (0,1/4,0) -1/8,y,1/8
 => SYMM(189): -x,-z+1/2,-y+1/2                  Symbol: 2 0,y,-y+1/2
 => SYMM(190): -x,z+1/4,y+1/4                    Symbol: 2 (0,1/4,1/4) 0,y,y
 => SYMM(191): x+3/4,z+1/4,-y+1/2                Symbol: 4- (3/4,0,0) x,3/8,1/8
 => SYMM(192): x+3/4,-z+1/2,y+1/4                Symbol: 4+ (3/4,0,0) x,1/8,3/8

 => Special Wyckoff Positions for F d -3 m
 
    Multp     Site        Representative Coordinates (centring translations excluded)
     96       h              0,y,-y              0,-y+1/4,y+1/4      1/4,y,y+1/4                             
                             1/4,-y+1/4,-y       y,-y,0              -y+1/4,y+1/4,0                          
                             y,y+1/4,1/4         -y+1/4,-y,1/4       -y,0,y                                  
                             y+1/4,0,-y+1/4      y+1/4,1/4,y         -y,1/4,-y+1/4                           
                             y,0,-y              -y+1/4,0,y+1/4      y,1/4,y+1/4                             
                             -y+1/4,1/4,-y       -y,y,0              y+1/4,-y+1/4,0                          
                             y+1/4,y,1/4         -y,-y+1/4,1/4       0,-y,y                                  
                             0,y+1/4,-y+1/4      1/4,y+1/4,y         1/4,-y,-y+1/4                           
 
     96       g              x,x,z               x,-x+1/4,-z+1/4     -x+1/4,x,-z+1/4                         
                             -x+1/4,-x+1/4,z     x,z,x               -x+1/4,-z+1/4,x                         
                             x,-z+1/4,-x+1/4     -x+1/4,z,-x+1/4     z,x,x                                   
                             -z+1/4,x,-x+1/4     -z+1/4,-x+1/4,x     z,-x+1/4,-x+1/4                         
                             -x,-x,-z            -x,x+3/4,z+3/4      x+3/4,-x,z+3/4                          
                             x+3/4,x+3/4,-z      -x,-z,-x            x+3/4,z+3/4,-x                          
                             -x,z+3/4,x+3/4      x+3/4,-z,x+3/4      -z,-x,-x                                
                             z+3/4,-x,x+3/4      z+3/4,x+3/4,-x      -z,x+3/4,x+3/4                          
 
     48       f              x,1/8,1/8           -x+1/4,1/8,1/8      1/8,1/8,x                               
                             1/8,1/8,-x+1/4      1/8,x,1/8           1/8,-x+1/4,1/8                          
                             -x,7/8,7/8          x+3/4,7/8,7/8       7/8,7/8,-x                              
                             7/8,7/8,x+3/4       7/8,-x,7/8          7/8,x+3/4,7/8                           
 
     32       e              x,x,x               x,-x+1/4,-x+1/4     -x+1/4,x,-x+1/4                         
                             -x+1/4,-x+1/4,x     -x,-x,-x            -x,x+3/4,x+3/4                          
                             x+3/4,-x,x+3/4      x+3/4,x+3/4,-x                                              
 
     16       d              1/2,1/2,1/2         1/2,3/4,3/4         3/4,1/2,3/4                             
                             3/4,3/4,1/2                                                                     
 
     16       c              0,0,0               0,1/4,1/4           1/4,0,1/4                               
                             1/4,1/4,0                                                                       
 
      8       b              3/8,3/8,3/8         5/8,5/8,5/8                                                 
 
      8       a              1/8,1/8,1/8         7/8,7/8,7/8                                                 
 

 => Initial parameters ==>
 Atom    Ntyp                  X         Y         Z         B         occ.         in  fin  Spc  Mult
                             B11       B22       B33       B12       B13       B23
 FE1    FE                 0.12500   0.12500   0.12500   0.01153   0.05938           0    0    0    8
                 Codes:    0.00000   0.00000   0.00000   0.00000   0.00000
 FE2    FE                 0.50000   0.50000   0.50000   0.01482   0.10284           0    0    0   16
                 Codes:    0.00000   0.00000   0.00000   0.00000   0.00000
 O      O                  0.25581   0.25581   0.25581   0.00370   0.25562           0    0    0   32
                 Codes:    0.00000   0.00000   0.00000   0.00000   0.00000
 => Transformation Matrix for Multiple Cell coordinate calculations: 
    International Tables convention :   (a',b',c') = (a, b, c) . M 
   0.0   0.0   0.0 0.00000
   0.0   0.0   0.0 0.00000
   0.0   0.0   0.0 0.00000

 => It is assumed that THE FIRST GIVEN SITE plus all the other atoms 
    occupying THE SAME POSITION have a total full occupation (no vacancies!)
  (if this is not the case, change the order of atoms to obtain correct values for the content of the unit cell)
    The phase contains sites partially occupied
      -> Atom: FE  ,  Chemical element: FE  Atomic Mass:    55.8470
      -> Atom: FE  ,  Chemical element: FE  Atomic Mass:    55.8470
      -> Atom: O   ,  Chemical element: O   Atomic Mass:    15.9994
 => The given value of ATZ is       3597.94 the program has calculated:        3597.94
    The value of ATZ given in the input PCR file will be used for quantitative analysis
 => The chemical content of the unit cell is: 
       8.0000 FE   +  13.8552 FE   +  34.4385 O      
 => The normalized site occupation numbers in % are: 
     100.0000 FE1    :       86.5948 FE2    :      107.6204 O        
 => The density (volumic mass) of the compound is:    4.960 g/cm3

 =>-------> PROFILE PARAMETERS FOR PATTERN:  1

 => Overall scale factor:   0.618047E-05
 => ETA (p-Voigt) OR M (Pearson VII):   0.0000
 => Overall temperature factor:      0.00000
 => Halfwidth U,V,W:      0.00803     0.00000     0.00000
 => X and Y parameters:       0.0000      0.1355
 => Direct cell parameters:    8.4020   8.4020   8.4020  90.0000  90.0000  90.0000
 => Preferred orientation parameters:   0.0000  0.0000
 => Asymmetry parameters     :      0.01064     0.04237     0.00000     0.00000
 => Strain parameters        :      0.00000     0.00000     0.00000
 => Size   parameters        :     -0.00080     0.00010
 => Further shape parameters (S_L and D_L):   0.00056   0.00029
    S_L is source width/detector distance
    D_L is detector width/detector distance

 ==> CODEWORDS FOR PROFILE PARAMETERS of PATTERN#  1

 => Overall scale factor:  171.000
 => ETA (p-Voigt) OR M (Pearson VII):    0.000
 => Overall temperature factor:    0.000
 => Halfwidth U,V,W:  181.000   0.000   0.000
 => X and Y parameters:    0.000   0.000
 => Direct cell parameters:   11.000  11.000  11.000   0.000   0.000   0.000
 => Preferred orientation parameters:    0.000   0.000
 => Asymmetry parameters     :  191.000 211.000   0.000   0.000
 => Strain parameters        :    0.000   0.000   0.000
 => Size   parameters        :  201.000   0.000

 => Cell constraints according to Laue symmetry: m-3m 

        Metric information:
        -------------------

 => Direct cell parameters:

         a =       8.4020      b =       8.4020      c =       8.4020
     alpha =       90.000   beta =       90.000  gamma =       90.000
                        Direct Cell Volume =     593.1195

 => Reciprocal cell parameters:

         a*=     0.119020      b*=     0.119020      c*=     0.119020
     alpha*=       90.000   beta*=       90.000  gamma*=       90.000
                    Reciprocal Cell Volume =   0.00168600

 => Direct and Reciprocal Metric Tensors:

                   GD                                       GR
     70.5930      0.0000      0.0000          0.014166    0.000000    0.000000
      0.0000     70.5930      0.0000          0.000000    0.014166    0.000000
      0.0000      0.0000     70.5930          0.000000    0.000000    0.014166

 =>  Cartesian frame: x // a; z is along c*; y is within the ab-plane   

     Crystal_to_Orthonormal_Matrix              Orthonormal_to_Crystal Matrix
              Cr_Orth_cel                               Orth_Cr_cel  
      8.4020      0.0000      0.0000          0.119020   -0.000000   -0.000000
      0.0000      8.4020      0.0000          0.000000    0.119020   -0.000000
      0.0000      0.0000      8.4020          0.000000    0.000000    0.119020

     Busing-Levy B-matrix: Hc=B.H            Inverse of the Busing-Levy B-matrix
                BL_M                                      BL_Minv  
    0.119020    0.000000    0.000000            8.4020     -0.0000     -0.0000
    0.000000    0.119020   -0.000000            0.0000      8.4020      0.0000
    0.000000    0.000000    0.119020            0.0000      0.0000      8.4020

 => Laue symmetry m-3m  will be used to generate HKL for pattern#   1
 => Reflections generated between S(1/d)min:  0.2262 A-1 and S(1/d)max:  0.9147 A-1
 =>                                    dmax:  4.4206 A   and      dmin:  1.0932 A
 => The number of reflections generated is:     20
 => The max. scatt. variable (gen.ref.) is:        89.5945
 => Scattering coefficients from internal table


 => X-ray scattering coeff. (A1, B1, A2,...C, f(0), Z, Dfp,Dfpp)

 FE     11.7695   4.7611   7.3573   0.3072   3.5222  15.3535   2.3045  76.8805   1.0369  25.9904  26.0000  -1.1790   3.2040
 O       3.0485  13.2771   2.2868   5.7011   1.5463   0.3239   0.8670  32.9089   0.2508   7.9994   8.0000   0.0470   0.0320

 No.  Code     H   K   L   Mult      Hw    2theta/TOF       L-factor    HWL     HWG     ETA
    1   1      2   2   0    12       0.170      30.059       12.3119   0.151   0.056   0.912
    2   2      2   2   0    12       0.170      30.134       12.2467   0.151   0.056   0.913
    3   1      3   1   1    24       0.173      35.405        8.6928   0.155   0.055   0.920
    4   2      3   1   1    24       0.173      35.495        8.6457   0.155   0.055   0.920
    5   1      2   2   2     8       0.174      37.035        7.8922   0.156   0.054   0.922
    6   2      2   2   2     8       0.174      37.129        7.8491   0.156   0.054   0.922
    7   1      4   0   0     6       0.183      43.027        5.7043   0.162   0.059   0.916
    8   2      4   0   0     6       0.183      43.139        5.6724   0.163   0.059   0.915
    9   1      3   3   1    24       0.187      47.110        4.6807   0.165   0.062   0.910
   10   2      3   3   1    24       0.187      47.233        4.6541   0.165   0.062   0.910
   11   1      4   2   2    24       0.195      53.377        3.5637   0.174   0.063   0.916
   12   2      4   2   2    24       0.195      53.519        3.5432   0.174   0.063   0.916
   13   1      3   3   3     8       0.200      56.900        3.1035   0.177   0.066   0.914
   14   1      5   1   1    24       0.200      56.900        3.1035   0.177   0.066   0.914
   15   2      3   3   3     8       0.200      57.052        3.0856   0.177   0.066   0.913
   16   2      5   1   1    24       0.200      57.052        3.0856   0.177   0.066   0.913
   17   1      4   4   0    12       0.207      62.480        2.5454   0.182   0.071   0.906
   18   2      4   4   0    12       0.208      62.651        2.5310   0.182   0.071   0.906
   19   1      5   3   1    48       0.214      65.693        2.2972   0.187   0.075   0.901
   20   2      5   3   1    48       0.215      65.875        2.2844   0.187   0.076   0.900
   21   1      4   4   2    24       0.217      66.746        2.2253   0.188   0.077   0.899
   22   2      4   4   2    24       0.218      66.932        2.2131   0.189   0.077   0.898
   23   1      6   2   0    24       0.225      70.879        1.9820   0.197   0.077   0.906
   24   2      6   2   0    24       0.225      71.080        1.9716   0.198   0.077   0.906
   25   1      5   3   3    24       0.232      73.911        1.8375   0.203   0.080   0.905
   26   2      5   3   3    24       0.232      74.123        1.8284   0.203   0.080   0.905
   27   1      6   2   2    24       0.234      74.911        1.7954   0.205   0.081   0.904
   28   2      6   2   2    24       0.235      75.127        1.7866   0.205   0.081   0.904
   29   1      4   4   4     8       0.243      78.867        1.6524   0.212   0.086   0.900
   30   2      4   4   4     8       0.244      79.099        1.6451   0.212   0.086   0.900
   31   1      5   5   1    24       0.250      81.799        1.5682   0.217   0.089   0.898
   32   1      7   1   1    24       0.250      81.799        1.5682   0.217   0.089   0.898
   33   2      5   5   1    24       0.251      82.043        1.5620   0.218   0.089   0.898
   34   2      7   1   1    24       0.251      82.043        1.5620   0.218   0.089   0.898
   35   1      6   4   2    48       0.264      86.641        1.4641   0.227   0.097   0.892
   36   2      6   4   2    48       0.265      86.907        1.4595   0.228   0.097   0.892
   37   1      5   5   3    24       0.274      89.532        1.4201   0.235   0.101   0.891
   38   1      7   3   1    48       0.274      89.532        1.4201   0.235   0.101   0.891

     --------------------------------------------------------------
      SYMBOLIC NAMES AND INITIAL VALUES OF PARAMETERS TO BE VARIED:
     --------------------------------------------------------------

      ->  Parameter number    1   -> Symbolic Name:                                    Cell_A_ph1_pat1     8.4019623    
      ->  Parameter number    2   -> Symbolic Name:                                          Zero_pat1    0.76600001E-02
      ->  Parameter number    3   -> Symbolic Name:                                         Bck_0_pat1     28.229601    
      ->  Parameter number    4   -> Symbolic Name:                                         Bck_1_pat1     34.459702    
      ->  Parameter number    5   -> Symbolic Name:                                         Bck_2_pat1     34.423302    
      ->  Parameter number    6   -> Symbolic Name:                                         Bck_3_pat1     32.761299    
      ->  Parameter number    7   -> Symbolic Name:                                         Bck_4_pat1     32.123199    
      ->  Parameter number    8   -> Symbolic Name:                                         Bck_5_pat1     16.727400    
      ->  Parameter number    9   -> Symbolic Name:                                         Bck_6_pat1     14.703300    
      ->  Parameter number   10   -> Symbolic Name:                                         Bck_7_pat1     13.171400    
      ->  Parameter number   11   -> Symbolic Name:                                         Bck_8_pat1     15.412700    
      ->  Parameter number   12   -> Symbolic Name:                                         Bck_9_pat1     16.376101    
      ->  Parameter number   13   -> Symbolic Name:                                        Bck_10_pat1     13.438600    
      ->  Parameter number   14   -> Symbolic Name:                                        Bck_11_pat1     12.038300    
      ->  Parameter number   15   -> Symbolic Name:                                        Bck_12_pat1     13.520900    
      ->  Parameter number   16   -> Symbolic Name:                                        Bck_13_pat1     10.141400    
      ->  Parameter number   17   -> Symbolic Name:                                     Scale_ph1_pat1    0.61804749E-05
      ->  Parameter number   18   -> Symbolic Name:                                    U-Cagl_ph1_pat1    0.80340002E-02
      ->  Parameter number   19   -> Symbolic Name:                                     Asym1_ph1_pat1    0.10640000E-01
      ->  Parameter number   20   -> Symbolic Name:                                    G-Size_ph1_pat1   -0.79999998E-03
      ->  Parameter number   21   -> Symbolic Name:                                     Asym2_ph1_pat1    0.42369999E-01
  
 
 => Optimizations for routine tasks applied:
 => Calculation mode for patter#:   1  CM_PSEUDO_VOIGT
 
